Copyright 1986-2018 Xilinx, Inc. All Rights Reserved.
---------------------------------------------------------------------------------------
| Tool Version : Vivado v.2018.3 (lin64) Build 2405991 Thu Dec  6 23:36:41 MST 2018
| Date         : Wed Feb 10 22:55:18 2021
| Host         : manjaro running 64-bit Manjaro Linux
| Command      : report_control_sets -verbose -file breath_led_control_sets_placed.rpt
| Design       : breath_led
| Device       : xc7z020
---------------------------------------------------------------------------------------

Control Set Information

Table of Contents
-----------------
1. Summary
2. Histogram
3. Flip-Flop Distribution
4. Detailed Control Set Information

1. Summary
----------

+----------------------------------------------------------+-------+
|                          Status                          | Count |
+----------------------------------------------------------+-------+
| Number of unique control sets                            |     2 |
| Unused register locations in slices containing registers |     9 |
+----------------------------------------------------------+-------+


2. Histogram
------------

+--------+--------------+
| Fanout | Control Sets |
+--------+--------------+
|    16+ |            2 |
+--------+--------------+


3. Flip-Flop Distribution
-------------------------

+--------------+-----------------------+------------------------+-----------------+--------------+
| Clock Enable | Synchronous Set/Reset | Asynchronous Set/Reset | Total Registers | Total Slices |
+--------------+-----------------------+------------------------+-----------------+--------------+
| No           | No                    | No                     |               0 |            0 |
| No           | No                    | Yes                    |              22 |            9 |
| No           | Yes                   | No                     |               0 |            0 |
| Yes          | No                    | No                     |               0 |            0 |
| Yes          | No                    | Yes                    |              25 |            7 |
| Yes          | Yes                   | No                     |               0 |            0 |
+--------------+-----------------------+------------------------+-----------------+--------------+


4. Detailed Control Set Information
-----------------------------------

+----------------+---------------+----------------------+------------------+----------------+
|  Clock Signal  | Enable Signal |   Set/Reset Signal   | Slice Load Count | Bel Load Count |
+----------------+---------------+----------------------+------------------+----------------+
|  clk_IBUF_BUFG |               | cnt_10ms[19]_i_2_n_0 |                9 |             22 |
|  clk_IBUF_BUFG | cnt_2s        | cnt_10ms[19]_i_2_n_0 |                7 |             25 |
+----------------+---------------+----------------------+------------------+----------------+


